<?xml version="1.0" encoding="UTF-8"?>
<robot generator="Robot 3.2.2 (Python 3.9.2 on win32)" generated="20210424 05:17:13.751" rpa="false">
<suite id="s1" name="Task2" source="C:\Users\joumana\eclipse-workspace\Task2">
<suite id="s1-s1" name="Tests" source="C:\Users\joumana\eclipse-workspace\Task2\Tests">
<suite id="s1-s1-s1" name="HomeTest" source="C:\Users\joumana\eclipse-workspace\Task2\Tests\HomeTest.robot">
<test id="s1-s1-s1-t1" name="Check All Fields with values">
<kw name="StartDriver" library="TestBase" type="setup">
<kw name="Open Browser" library="SeleniumLibrary">
<doc>Opens a new browser instance to the optional ``url``.</doc>
<arguments>
<arg>${url}</arg>
<arg>${driver}</arg>
</arguments>
<msg timestamp="20210424 05:17:14.210" level="INFO">Opening browser 'chrome' to base url 'http://www.practiceselenium.com/practice-form.html'.</msg>
<status status="PASS" starttime="20210424 05:17:14.209" endtime="20210424 05:17:27.387"></status>
</kw>
<kw name="Maximize Browser Window" library="SeleniumLibrary">
<doc>Maximizes current browser window.</doc>
<status status="PASS" starttime="20210424 05:17:27.389" endtime="20210424 05:17:27.627"></status>
</kw>
<kw name="Sleep" library="BuiltIn">
<doc>Pauses the test executed for the given time.</doc>
<arguments>
<arg>1s</arg>
</arguments>
<msg timestamp="20210424 05:17:28.632" level="INFO">Slept 1 second</msg>
<status status="PASS" starttime="20210424 05:17:27.629" endtime="20210424 05:17:28.633"></status>
</kw>
<status status="PASS" starttime="20210424 05:17:14.208" endtime="20210424 05:17:28.635"></status>
</kw>
<kw name=" HomeTestFunction" library="home">
<arguments>
<arg>Fname</arg>
<arg>Lname</arg>
<arg>DS</arg>
</arguments>
<kw name="Input Text" library="SeleniumLibrary">
<doc>Types the given ``text`` into the text field identified by ``locator``.</doc>
<arguments>
<arg>${First name}</arg>
<arg>${Fname}</arg>
</arguments>
<msg timestamp="20210424 05:17:28.640" level="INFO">Typing text 'Fname' into text field 'xpath://*[@id="wsb-element-00000000-0000-0000-0000-000452032346"]/div/form/fieldset/div[1]/p[2]/input'.</msg>
<status status="PASS" starttime="20210424 05:17:28.639" endtime="20210424 05:17:28.850"></status>
</kw>
<kw name="Input Text" library="SeleniumLibrary">
<doc>Types the given ``text`` into the text field identified by ``locator``.</doc>
<arguments>
<arg>${Last name}</arg>
<arg>${Lname}</arg>
</arguments>
<msg timestamp="20210424 05:17:28.851" level="INFO">Typing text 'Lname' into text field 'xpath://*[@id="wsb-element-00000000-0000-0000-0000-000452032346"]/div/form/fieldset/div[1]/p[3]/input'.</msg>
<status status="PASS" starttime="20210424 05:17:28.850" endtime="20210424 05:17:29.016"></status>
</kw>
<kw name="Input Text" library="SeleniumLibrary">
<doc>Types the given ``text`` into the text field identified by ``locator``.</doc>
<arguments>
<arg>${Date if stopped}</arg>
<arg>${DS}</arg>
</arguments>
<msg timestamp="20210424 05:17:29.017" level="INFO">Typing text 'DS' into text field 'xpath://*[@id="datepicker"]'.</msg>
<status status="PASS" starttime="20210424 05:17:29.016" endtime="20210424 05:17:29.174"></status>
</kw>
<status status="PASS" starttime="20210424 05:17:28.636" endtime="20210424 05:17:29.175"></status>
</kw>
<kw name="Sleep" library="BuiltIn">
<doc>Pauses the test executed for the given time.</doc>
<arguments>
<arg>1s</arg>
</arguments>
<msg timestamp="20210424 05:17:30.178" level="INFO">Slept 1 second</msg>
<status status="PASS" starttime="20210424 05:17:29.175" endtime="20210424 05:17:30.179"></status>
</kw>
<kw name="HomeDropdownlist" library="home">
<kw name="Select From List By Index" library="SeleniumLibrary">
<doc>Selects options from selection list ``locator`` by ``indexes``.</doc>
<arguments>
<arg>${DropD}</arg>
<arg>1</arg>
</arguments>
<msg timestamp="20210424 05:17:30.181" level="INFO">Selecting options from selection list 'id:continents' by index 1.</msg>
<status status="PASS" starttime="20210424 05:17:30.180" endtime="20210424 05:17:30.353"></status>
</kw>
<status status="PASS" starttime="20210424 05:17:30.179" endtime="20210424 05:17:30.353"></status>
</kw>
<kw name="Sleep" library="BuiltIn">
<doc>Pauses the test executed for the given time.</doc>
<arguments>
<arg>1s</arg>
</arguments>
<msg timestamp="20210424 05:17:31.356" level="INFO">Slept 1 second</msg>
<status status="PASS" starttime="20210424 05:17:30.354" endtime="20210424 05:17:31.356"></status>
</kw>
<kw name="HomeCheckbox" library="home">
<kw name="Select Checkbox" library="SeleniumLibrary">
<doc>Selects the checkbox identified by ``locator``.</doc>
<arguments>
<arg>${Favorite ChaiCB1}</arg>
</arguments>
<msg timestamp="20210424 05:17:31.360" level="INFO">Selecting checkbox 'xpath://*[@id="tea1"]'.</msg>
<status status="PASS" starttime="20210424 05:17:31.359" endtime="20210424 05:17:31.513"></status>
</kw>
<kw name="Select Checkbox" library="SeleniumLibrary">
<doc>Selects the checkbox identified by ``locator``.</doc>
<arguments>
<arg>${Favorite ChaiCB2}</arg>
</arguments>
<msg timestamp="20210424 05:17:31.515" level="INFO">Selecting checkbox 'xpath://*[@id="tea2"]'.</msg>
<status status="PASS" starttime="20210424 05:17:31.514" endtime="20210424 05:17:31.653"></status>
</kw>
<status status="PASS" starttime="20210424 05:17:31.357" endtime="20210424 05:17:31.653"></status>
</kw>
<kw name="Sleep" library="BuiltIn">
<doc>Pauses the test executed for the given time.</doc>
<arguments>
<arg>1s</arg>
</arguments>
<msg timestamp="20210424 05:17:32.654" level="INFO">Slept 1 second</msg>
<status status="PASS" starttime="20210424 05:17:31.654" endtime="20210424 05:17:32.655"></status>
</kw>
<kw name="HomeRadioButtonSex" library="home">
<kw name="Select Radio Button" library="SeleniumLibrary">
<doc>Sets the radio button group ``group_name`` to ``value``.</doc>
<arguments>
<arg>${SexRB}</arg>
<arg>Female</arg>
</arguments>
<msg timestamp="20210424 05:17:32.661" level="INFO">Selecting 'Female' from radio button 'sex'.</msg>
<status status="PASS" starttime="20210424 05:17:32.659" endtime="20210424 05:17:32.849"></status>
</kw>
<status status="PASS" starttime="20210424 05:17:32.656" endtime="20210424 05:17:32.850"></status>
</kw>
<kw name="Sleep" library="BuiltIn">
<doc>Pauses the test executed for the given time.</doc>
<arguments>
<arg>1s</arg>
</arguments>
<msg timestamp="20210424 05:17:33.854" level="INFO">Slept 1 second</msg>
<status status="PASS" starttime="20210424 05:17:32.851" endtime="20210424 05:17:33.854"></status>
</kw>
<kw name="HomeRadioButtonYears" library="home">
<kw name="Click Button" library="SeleniumLibrary">
<doc>Clicks the button identified by ``locator``.</doc>
<arguments>
<arg>${YearsRB1}</arg>
</arguments>
<msg timestamp="20210424 05:17:33.859" level="INFO">Clicking button 'id:exp-0'.</msg>
<status status="PASS" starttime="20210424 05:17:33.858" endtime="20210424 05:17:33.986"></status>
</kw>
<status status="PASS" starttime="20210424 05:17:33.855" endtime="20210424 05:17:33.986"></status>
</kw>
<kw name="Sleep" library="BuiltIn">
<doc>Pauses the test executed for the given time.</doc>
<arguments>
<arg>1s</arg>
</arguments>
<msg timestamp="20210424 05:17:34.989" level="INFO">Slept 1 second</msg>
<status status="PASS" starttime="20210424 05:17:33.987" endtime="20210424 05:17:34.989"></status>
</kw>
<kw name="Homelist" library="home">
<kw name="Select From List By Index" library="SeleniumLibrary">
<doc>Selects options from selection list ``locator`` by ``indexes``.</doc>
<arguments>
<arg>${ListBrowser Commands}</arg>
<arg>1</arg>
</arguments>
<msg timestamp="20210424 05:17:34.995" level="INFO">Selecting options from selection list 'id:selenium_commands' by index 1.</msg>
<status status="PASS" starttime="20210424 05:17:34.994" endtime="20210424 05:17:35.173"></status>
</kw>
<status status="PASS" starttime="20210424 05:17:34.991" endtime="20210424 05:17:35.173"></status>
</kw>
<kw name="Sleep" library="BuiltIn">
<doc>Pauses the test executed for the given time.</doc>
<arguments>
<arg>1s</arg>
</arguments>
<msg timestamp="20210424 05:17:36.176" level="INFO">Slept 1 second</msg>
<status status="PASS" starttime="20210424 05:17:35.174" endtime="20210424 05:17:36.176"></status>
</kw>
<kw name="Submit" library="home">
<kw name="Click Button" library="SeleniumLibrary">
<doc>Clicks the button identified by ``locator``.</doc>
<arguments>
<arg>${submitbtn}</arg>
</arguments>
<msg timestamp="20210424 05:17:36.179" level="INFO">Clicking button 'id:submit'.</msg>
<status status="PASS" starttime="20210424 05:17:36.178" endtime="20210424 05:17:36.911"></status>
</kw>
<status status="PASS" starttime="20210424 05:17:36.177" endtime="20210424 05:17:36.913"></status>
</kw>
<kw name="Sleep" library="BuiltIn">
<doc>Pauses the test executed for the given time.</doc>
<arguments>
<arg>1s</arg>
</arguments>
<msg timestamp="20210424 05:17:37.916" level="INFO">Slept 1 second</msg>
<status status="PASS" starttime="20210424 05:17:36.914" endtime="20210424 05:17:37.916"></status>
</kw>
<kw name="Page Should Contain Element" library="SeleniumLibrary">
<doc>Verifies that element ``locator`` is found on the current page.</doc>
<arguments>
<arg>${Locator }</arg>
</arguments>
<msg timestamp="20210424 05:17:37.965" level="INFO">Current page contains element 'xpath://*[@id="wsb-element-00000000-0000-0000-0000-000450914886"]/div/h1'.</msg>
<status status="PASS" starttime="20210424 05:17:37.918" endtime="20210424 05:17:37.965"></status>
</kw>
<kw name="CloseDriver" library="TestBase" type="teardown">
<kw name="Close Browser" library="SeleniumLibrary">
<doc>Closes the current browser.</doc>
<status status="PASS" starttime="20210424 05:17:37.967" endtime="20210424 05:17:40.187"></status>
</kw>
<status status="PASS" starttime="20210424 05:17:37.966" endtime="20210424 05:17:40.189"></status>
</kw>
<status status="PASS" starttime="20210424 05:17:14.207" endtime="20210424 05:17:40.189" critical="yes"></status>
</test>
<test id="s1-s1-s1-t2" name="Check Some Fields Entered">
<kw name="StartDriver" library="TestBase" type="setup">
<kw name="Open Browser" library="SeleniumLibrary">
<doc>Opens a new browser instance to the optional ``url``.</doc>
<arguments>
<arg>${url}</arg>
<arg>${driver}</arg>
</arguments>
<msg timestamp="20210424 05:17:40.200" level="INFO">Opening browser 'chrome' to base url 'http://www.practiceselenium.com/practice-form.html'.</msg>
<status status="PASS" starttime="20210424 05:17:40.198" endtime="20210424 05:17:53.381"></status>
</kw>
<kw name="Maximize Browser Window" library="SeleniumLibrary">
<doc>Maximizes current browser window.</doc>
<status status="PASS" starttime="20210424 05:17:53.382" endtime="20210424 05:17:53.522"></status>
</kw>
<kw name="Sleep" library="BuiltIn">
<doc>Pauses the test executed for the given time.</doc>
<arguments>
<arg>1s</arg>
</arguments>
<msg timestamp="20210424 05:17:54.524" level="INFO">Slept 1 second</msg>
<status status="PASS" starttime="20210424 05:17:53.522" endtime="20210424 05:17:54.524"></status>
</kw>
<status status="PASS" starttime="20210424 05:17:40.195" endtime="20210424 05:17:54.525"></status>
</kw>
<kw name=" HomeTestFunction" library="home">
<arguments>
<arg>Test2</arg>
<arg>Test2</arg>
<arg>DS2</arg>
</arguments>
<kw name="Input Text" library="SeleniumLibrary">
<doc>Types the given ``text`` into the text field identified by ``locator``.</doc>
<arguments>
<arg>${First name}</arg>
<arg>${Fname}</arg>
</arguments>
<msg timestamp="20210424 05:17:54.526" level="INFO">Typing text 'Test2' into text field 'xpath://*[@id="wsb-element-00000000-0000-0000-0000-000452032346"]/div/form/fieldset/div[1]/p[2]/input'.</msg>
<status status="PASS" starttime="20210424 05:17:54.526" endtime="20210424 05:17:54.678"></status>
</kw>
<kw name="Input Text" library="SeleniumLibrary">
<doc>Types the given ``text`` into the text field identified by ``locator``.</doc>
<arguments>
<arg>${Last name}</arg>
<arg>${Lname}</arg>
</arguments>
<msg timestamp="20210424 05:17:54.680" level="INFO">Typing text 'Test2' into text field 'xpath://*[@id="wsb-element-00000000-0000-0000-0000-000452032346"]/div/form/fieldset/div[1]/p[3]/input'.</msg>
<status status="PASS" starttime="20210424 05:17:54.678" endtime="20210424 05:17:54.812"></status>
</kw>
<kw name="Input Text" library="SeleniumLibrary">
<doc>Types the given ``text`` into the text field identified by ``locator``.</doc>
<arguments>
<arg>${Date if stopped}</arg>
<arg>${DS}</arg>
</arguments>
<msg timestamp="20210424 05:17:54.813" level="INFO">Typing text 'DS2' into text field 'xpath://*[@id="datepicker"]'.</msg>
<status status="PASS" starttime="20210424 05:17:54.812" endtime="20210424 05:17:54.950"></status>
</kw>
<status status="PASS" starttime="20210424 05:17:54.525" endtime="20210424 05:17:54.950"></status>
</kw>
<kw name="Sleep" library="BuiltIn">
<doc>Pauses the test executed for the given time.</doc>
<arguments>
<arg>1s</arg>
</arguments>
<msg timestamp="20210424 05:17:55.951" level="INFO">Slept 1 second</msg>
<status status="PASS" starttime="20210424 05:17:54.951" endtime="20210424 05:17:55.951"></status>
</kw>
<kw name="HomeDropdownlist" library="home">
<kw name="Select From List By Index" library="SeleniumLibrary">
<doc>Selects options from selection list ``locator`` by ``indexes``.</doc>
<arguments>
<arg>${DropD}</arg>
<arg>1</arg>
</arguments>
<msg timestamp="20210424 05:17:55.954" level="INFO">Selecting options from selection list 'id:continents' by index 1.</msg>
<status status="PASS" starttime="20210424 05:17:55.953" endtime="20210424 05:17:56.099"></status>
</kw>
<status status="PASS" starttime="20210424 05:17:55.952" endtime="20210424 05:17:56.100"></status>
</kw>
<kw name="Sleep" library="BuiltIn">
<doc>Pauses the test executed for the given time.</doc>
<arguments>
<arg>1s</arg>
</arguments>
<msg timestamp="20210424 05:17:57.103" level="INFO">Slept 1 second</msg>
<status status="PASS" starttime="20210424 05:17:56.100" endtime="20210424 05:17:57.103"></status>
</kw>
<kw name="HomeCheckbox" library="home">
<kw name="Select Checkbox" library="SeleniumLibrary">
<doc>Selects the checkbox identified by ``locator``.</doc>
<arguments>
<arg>${Favorite ChaiCB1}</arg>
</arguments>
<msg timestamp="20210424 05:17:57.104" level="INFO">Selecting checkbox 'xpath://*[@id="tea1"]'.</msg>
<status status="PASS" starttime="20210424 05:17:57.103" endtime="20210424 05:17:57.217"></status>
</kw>
<kw name="Select Checkbox" library="SeleniumLibrary">
<doc>Selects the checkbox identified by ``locator``.</doc>
<arguments>
<arg>${Favorite ChaiCB2}</arg>
</arguments>
<msg timestamp="20210424 05:17:57.218" level="INFO">Selecting checkbox 'xpath://*[@id="tea2"]'.</msg>
<status status="PASS" starttime="20210424 05:17:57.217" endtime="20210424 05:17:57.326"></status>
</kw>
<status status="PASS" starttime="20210424 05:17:57.103" endtime="20210424 05:17:57.327"></status>
</kw>
<kw name="Submit" library="home">
<kw name="Click Button" library="SeleniumLibrary">
<doc>Clicks the button identified by ``locator``.</doc>
<arguments>
<arg>${submitbtn}</arg>
</arguments>
<msg timestamp="20210424 05:17:57.328" level="INFO">Clicking button 'id:submit'.</msg>
<status status="PASS" starttime="20210424 05:17:57.328" endtime="20210424 05:17:59.528"></status>
</kw>
<status status="PASS" starttime="20210424 05:17:57.327" endtime="20210424 05:17:59.529"></status>
</kw>
<kw name="Sleep" library="BuiltIn">
<doc>Pauses the test executed for the given time.</doc>
<arguments>
<arg>1s</arg>
</arguments>
<msg timestamp="20210424 05:18:00.535" level="INFO">Slept 1 second</msg>
<status status="PASS" starttime="20210424 05:17:59.531" endtime="20210424 05:18:00.536"></status>
</kw>
<kw name="Page Should Contain Element" library="SeleniumLibrary">
<doc>Verifies that element ``locator`` is found on the current page.</doc>
<arguments>
<arg>${Locator }</arg>
</arguments>
<msg timestamp="20210424 05:18:00.586" level="INFO">Current page contains element 'xpath://*[@id="wsb-element-00000000-0000-0000-0000-000450914886"]/div/h1'.</msg>
<status status="PASS" starttime="20210424 05:18:00.538" endtime="20210424 05:18:00.587"></status>
</kw>
<kw name="CloseDriver" library="TestBase" type="teardown">
<kw name="Close Browser" library="SeleniumLibrary">
<doc>Closes the current browser.</doc>
<status status="PASS" starttime="20210424 05:18:00.589" endtime="20210424 05:18:02.772"></status>
</kw>
<status status="PASS" starttime="20210424 05:18:00.588" endtime="20210424 05:18:02.774"></status>
</kw>
<status status="PASS" starttime="20210424 05:17:40.192" endtime="20210424 05:18:02.775" critical="yes"></status>
</test>
<test id="s1-s1-s1-t3" name="Check Empty Fields and click on Submit">
<kw name="StartDriver" library="TestBase" type="setup">
<kw name="Open Browser" library="SeleniumLibrary">
<doc>Opens a new browser instance to the optional ``url``.</doc>
<arguments>
<arg>${url}</arg>
<arg>${driver}</arg>
</arguments>
<msg timestamp="20210424 05:18:02.785" level="INFO">Opening browser 'chrome' to base url 'http://www.practiceselenium.com/practice-form.html'.</msg>
<status status="PASS" starttime="20210424 05:18:02.783" endtime="20210424 05:18:16.120"></status>
</kw>
<kw name="Maximize Browser Window" library="SeleniumLibrary">
<doc>Maximizes current browser window.</doc>
<status status="PASS" starttime="20210424 05:18:16.122" endtime="20210424 05:18:16.278"></status>
</kw>
<kw name="Sleep" library="BuiltIn">
<doc>Pauses the test executed for the given time.</doc>
<arguments>
<arg>1s</arg>
</arguments>
<msg timestamp="20210424 05:18:17.280" level="INFO">Slept 1 second</msg>
<status status="PASS" starttime="20210424 05:18:16.278" endtime="20210424 05:18:17.280"></status>
</kw>
<status status="PASS" starttime="20210424 05:18:02.780" endtime="20210424 05:18:17.282"></status>
</kw>
<kw name="Submit" library="home">
<kw name="Click Button" library="SeleniumLibrary">
<doc>Clicks the button identified by ``locator``.</doc>
<arguments>
<arg>${submitbtn}</arg>
</arguments>
<msg timestamp="20210424 05:18:17.286" level="INFO">Clicking button 'id:submit'.</msg>
<status status="PASS" starttime="20210424 05:18:17.285" endtime="20210424 05:18:17.915"></status>
</kw>
<status status="PASS" starttime="20210424 05:18:17.284" endtime="20210424 05:18:17.916"></status>
</kw>
<kw name="Page Should Contain Element" library="SeleniumLibrary">
<doc>Verifies that element ``locator`` is found on the current page.</doc>
<arguments>
<arg>${Locator }</arg>
</arguments>
<msg timestamp="20210424 05:18:17.962" level="INFO">Current page contains element 'xpath://*[@id="wsb-element-00000000-0000-0000-0000-000450914886"]/div/h1'.</msg>
<status status="PASS" starttime="20210424 05:18:17.917" endtime="20210424 05:18:17.963"></status>
</kw>
<kw name="CloseDriver" library="TestBase" type="teardown">
<kw name="Close Browser" library="SeleniumLibrary">
<doc>Closes the current browser.</doc>
<status status="PASS" starttime="20210424 05:18:17.965" endtime="20210424 05:18:20.197"></status>
</kw>
<status status="PASS" starttime="20210424 05:18:17.964" endtime="20210424 05:18:20.198"></status>
</kw>
<status status="PASS" starttime="20210424 05:18:02.777" endtime="20210424 05:18:20.199" critical="yes"></status>
</test>
<status status="PASS" starttime="20210424 05:17:13.856" endtime="20210424 05:18:20.202"></status>
</suite>
<status status="PASS" starttime="20210424 05:17:13.851" endtime="20210424 05:18:20.213"></status>
</suite>
<status status="PASS" starttime="20210424 05:17:13.806" endtime="20210424 05:18:20.223"></status>
</suite>
<statistics>
<total>
<stat pass="3" fail="0">Critical Tests</stat>
<stat pass="3" fail="0">All Tests</stat>
</total>
<tag>
</tag>
<suite>
<stat pass="3" fail="0" id="s1" name="Task2">Task2</stat>
<stat pass="3" fail="0" id="s1-s1" name="Tests">Task2.Tests</stat>
<stat pass="3" fail="0" id="s1-s1-s1" name="HomeTest">Task2.Tests.HomeTest</stat>
</suite>
</statistics>
<errors>
<msg timestamp="20210424 05:17:13.862" level="ERROR">Error in file 'C:\Users\joumana\eclipse-workspace\Task2\Tests\HomeTest.robot' on line 3: Importing test library 'Seleniumlibrary' failed: ModuleNotFoundError: No module named 'Seleniumlibrary'
Traceback (most recent call last):
  None
PYTHONPATH:
  C:\Users\joumana\AppData\Local\Programs\Python\Python39\Lib\site-packages
  C:\Users\joumana\eclipse-workspace\Task2
  C:\Users\joumana\AppData\Local\Programs\Python\Python39\python39.zip
  C:\Users\joumana\AppData\Local\Programs\Python\Python39\DLLs
  C:\Users\joumana\AppData\Local\Programs\Python\Python39\lib
  C:\Users\joumana\AppData\Local\Programs\Python\Python39
  C:\Users\joumana\AppData\Local\Programs\Python\Python39\lib\site-packages</msg>
<msg timestamp="20210424 05:17:14.205" level="ERROR">Error in file 'C:\Users\joumana\eclipse-workspace\Task2\Pages\home.robot' on line 3: Importing test library 'Seleniumlibrary' failed: ModuleNotFoundError: No module named 'Seleniumlibrary'
Traceback (most recent call last):
  None
PYTHONPATH:
  C:\Users\joumana\AppData\Local\Programs\Python\Python39\Lib\site-packages
  C:\Users\joumana\eclipse-workspace\Task2
  C:\Users\joumana\AppData\Local\Programs\Python\Python39\python39.zip
  C:\Users\joumana\AppData\Local\Programs\Python\Python39\DLLs
  C:\Users\joumana\AppData\Local\Programs\Python\Python39\lib
  C:\Users\joumana\AppData\Local\Programs\Python\Python39
  C:\Users\joumana\AppData\Local\Programs\Python\Python39\lib\site-packages</msg>
</errors>
</robot>
